<?xml version="1.0" encoding="UTF-8"?>
<testng-results skipped="0" failed="0" ignored="0" total="1" passed="1">
  <reporter-output>
  </reporter-output>
  <suite name="demoBank" duration-ms="216817" started-at="2020-01-31T06:41:27Z" finished-at="2020-01-31T06:45:04Z">
    <groups>
    </groups>
    <test name="demoBank Test" duration-ms="216817" started-at="2020-01-31T06:41:27Z" finished-at="2020-01-31T06:45:04Z">
      <class name="demoBank.testCases.TC_LoginTest_001">
        <test-method status="PASS" signature="setup(java.lang.String)[pri:0, instance:demoBank.testCases.TC_LoginTest_001@6a41eaa2]" name="setup" is-config="true" duration-ms="130046" started-at="2020-01-31T06:41:29Z" finished-at="2020-01-31T06:43:39Z">
          <params>
            <param index="0">
              <value>
                <![CDATA[chrome]]>
              </value>
            </param>
          </params>
          <reporter-output>
          </reporter-output>
        </test-method> <!-- setup -->
        <test-method status="PASS" signature="LoginTest()[pri:0, instance:demoBank.testCases.TC_LoginTest_001@6a41eaa2]" name="LoginTest" duration-ms="72170" started-at="2020-01-31T06:43:39Z" finished-at="2020-01-31T06:44:51Z">
          <reporter-output>
          </reporter-output>
        </test-method> <!-- LoginTest -->
        <test-method status="PASS" signature="tearDown()[pri:0, instance:demoBank.testCases.TC_LoginTest_001@6a41eaa2]" name="tearDown" is-config="true" duration-ms="11214" started-at="2020-01-31T06:44:53Z" finished-at="2020-01-31T06:45:04Z">
          <reporter-output>
          </reporter-output>
        </test-method> <!-- tearDown -->
      </class> <!-- demoBank.testCases.TC_LoginTest_001 -->
    </test> <!-- demoBank Test -->
  </suite> <!-- demoBank -->
</testng-results>
